2021-07-12 21:51:51,126 Connect wallet...
2021-07-12 21:51:51,166 Wallet Connected
2021-07-12 21:51:53,959 WSS is connected : True
2021-07-12 21:51:56,545 scanning transactions....
2021-07-12 21:52:01,262 This is liquidity : 0x096a4872756eea5bf3c81c32b5bb71f6933abfa241539f4cd6957d656df447e4
2021-07-12 21:52:04,360 2.644146680831909
2021-07-12 21:52:04,360 Buy token: 0xb95bdced681b86879b8a4ab460ce29a3f331e1522a09c397459a0f7f7a4b9c0e
2021-07-12 21:55:28,372 Connect wallet...
2021-07-12 21:55:28,392 Wallet Connected
2021-07-12 21:55:30,956 WSS is connected : True
2021-07-12 21:55:33,742 scanning transactions....
2021-07-12 21:55:37,017 This is liquidity : 0x7ee4bfd628b051a6058582121b3d241598e7cd774dab0b164dc225e41ac22011
2021-07-12 21:57:50,827 75.81199216842651
2021-07-12 21:57:51,898 Buy token: 0x1d7944a764cb9b7154418bf1228da8c3ff5b0b5c7498f83e417f137562f99385
2021-07-12 21:59:24,791 Connect wallet...
2021-07-12 21:59:24,798 Wallet Connected
2021-07-12 21:59:27,743 WSS is connected : True
2021-07-12 21:59:30,972 scanning transactions....
2021-07-12 21:59:35,968 This is liquidity : 0x57364891bd9fcb3b02f846c9f536332f203db758a85f3fb37ef98147114d103c
2021-07-12 21:59:41,438 5.147364139556885
2021-07-12 21:59:41,438 Buy token: 0x5ad6b624c3aa4d1eb9ec4a2c8266e03a79a5e5fac649f33380afa1f3b98eed85
2021-07-12 21:59:43,055 Trailing stop 3063043274900176.5
2021-07-12 21:59:43,055 Buy price 3093983105959774
2021-07-12 21:59:43,368 Trailing stop 3063043274900176.5
2021-07-12 21:59:43,368 We are waiting sell moment
2021-07-12 21:59:44,649 Trailing stop 3062997405321200.0
2021-07-12 21:59:44,650 We are waiting sell moment
2021-07-13 01:50:38,742 Connect wallet...
2021-07-13 01:50:38,762 Wallet Connected
2021-07-13 01:50:41,340 WSS is connected : True
2021-07-13 01:50:43,052 scanning transactions....
2021-07-13 01:51:00,357 Connect wallet...
2021-07-13 01:51:00,365 Wallet Connected
2021-07-13 01:51:02,803 WSS is connected : True
2021-07-13 01:51:04,684 scanning transactions....
2021-07-13 01:51:35,450 Connect wallet...
2021-07-13 01:51:35,458 Wallet Connected
2021-07-13 01:51:37,510 WSS is connected : True
2021-07-13 01:51:39,790 scanning transactions....
2021-07-13 23:58:00,790 Connect wallet...
2021-07-13 23:58:02,824 You need 600 TRINI Tokens to use bot.
2021-07-14 00:00:17,125 Connect wallet...
2021-07-14 00:00:18,916 You need 600 TRINI Tokens to use bot.
2021-07-14 00:00:56,555 Connect wallet...
2021-07-14 00:00:58,097 You need 600 TRINI Tokens to use bot.
2021-07-14 01:12:29,390 Connect wallet...
2021-07-14 01:12:31,148 You need 600 TRINI Tokens to use bot.
2021-07-14 01:14:47,495 Connect wallet...
2021-07-14 01:14:47,505 Wallet Connected
2021-07-14 01:14:50,409 WSS is connected : True
2021-07-14 01:14:53,311 scanning transactions....
2021-07-15 21:53:06,990 Connect wallet...
2021-07-15 21:53:07,009 error; when sending a str, it must be a hex string. Got: ' 0x68ce0D4CD32ed76f8Ec66C595b307EA054C32904'
2021-07-15 21:54:15,090 Connect wallet...
2021-07-15 21:54:15,150 Wallet Connected
2021-07-15 21:54:17,756 WSS is connected : True
2021-07-15 21:54:20,026 scanning transactions....
2021-07-17 21:57:08,790 Connect wallet...
2021-07-17 21:57:08,800 Wallet Connected
2021-07-17 21:57:10,917 WSS is connected : True
2021-07-17 21:57:13,978 scanning transactions....
2021-07-17 22:12:13,012 Connect wallet...
2021-07-17 22:12:13,021 Wallet Connected
2021-07-17 22:12:14,403 WSS is connected : True
2021-07-17 22:12:16,064 scanning transactions....
2021-07-17 23:53:21,646 Connect wallet...
2021-07-17 23:53:21,657 Wallet Connected
2021-07-17 23:53:22,503 WSS is connected : True
2021-07-17 23:53:23,654 scanning transactions....
2021-07-18 02:10:29,573 Connect wallet...
2021-07-18 02:10:29,583 Wallet Connected
2021-07-18 02:10:30,443 WSS is connected : True
2021-07-18 02:10:31,625 scanning transactions....
2021-07-18 02:43:05,589 Connect wallet...
2021-07-18 02:43:05,599 Wallet Connected
2021-07-18 02:43:06,442 WSS is connected : True
2021-07-18 02:43:07,628 scanning transactions....
